<?xml version="1.0" encoding="UTF-8"?>
<!-- Generated by org.testng.reporters.JUnitXMLReporter -->
<testsuite ignored="1" hostname="LAPTOP-CNKSJMK5" failures="1" tests="7" name="Default test" time="0.056" errors="0" timestamp="2022-07-17T22:44:43 IST">
  <testcase classname="project3.project3.day3" name="mobilesignedhomeloan" time="0.004"/>
  <testcase classname="project3.project3.day3" name="webloginhomeloan" time="0.0">
    <failure type="org.testng.TestNGException" message="
Parameter &amp;apos;URL&amp;apos; is required by @Test on method webloginhomeloan but has not been marked @Optional or defined
in C:\Users\sivam\AppData\Local\Temp\testng-eclipse--683990234\testng-customsuite.xml">
      <![CDATA[org.testng.TestNGException: 
Parameter 'URL' is required by @Test on method webloginhomeloan but has not been marked @Optional or defined
in C:\Users\sivam\AppData\Local\Temp\testng-eclipse--683990234\testng-customsuite.xml
at org.testng.internal.Parameters.createParams(Parameters.java:270)
at org.testng.internal.Parameters.createParametersForMethod(Parameters.java:358)
at org.testng.internal.Parameters.createParameters(Parameters.java:700)
at org.testng.internal.Parameters.handleParameters(Parameters.java:884)
at org.testng.internal.Parameters.handleParameters(Parameters.java:740)
at org.testng.internal.ParameterHandler.handleParameters(ParameterHandler.java:59)
at org.testng.internal.ParameterHandler.createParameters(ParameterHandler.java:38)
at org.testng.internal.TestInvoker$MethodInvocationAgent.invoke(TestInvoker.java:791)
at org.testng.internal.TestInvoker.invokeTestMethods(TestInvoker.java:146)
at org.testng.internal.TestMethodWorker.invokeTestMethods(TestMethodWorker.java:146)
at org.testng.internal.TestMethodWorker.run(TestMethodWorker.java:128)
at java.base/java.util.ArrayList.forEach(ArrayList.java:1511)
at org.testng.TestRunner.privateRun(TestRunner.java:794)
at org.testng.TestRunner.run(TestRunner.java:596)
at org.testng.SuiteRunner.runTest(SuiteRunner.java:377)
at org.testng.SuiteRunner.runSequentially(SuiteRunner.java:371)
at org.testng.SuiteRunner.privateRun(SuiteRunner.java:332)
at org.testng.SuiteRunner.run(SuiteRunner.java:276)
at org.testng.SuiteRunnerWorker.runSuite(SuiteRunnerWorker.java:53)
at org.testng.SuiteRunnerWorker.run(SuiteRunnerWorker.java:96)
at org.testng.TestNG.runSuitesSequentially(TestNG.java:1212)
at org.testng.TestNG.runSuitesLocally(TestNG.java:1134)
at org.testng.TestNG.runSuites(TestNG.java:1063)
at org.testng.TestNG.run(TestNG.java:1031)
at org.testng.remote.AbstractRemoteTestNG.run(AbstractRemoteTestNG.java:115)
at org.testng.remote.RemoteTestNG.initAndRun(RemoteTestNG.java:251)
at org.testng.remote.RemoteTestNG.main(RemoteTestNG.java:77)
]]>
    </failure>
  </testcase> <!-- webloginhomeloan -->
  <testcase classname="project3.project3.day3" name="MobilesignoutcarLoan" time="0.001"/>
  <testcase classname="project3.project3.day3" name="MobilesignoutcarLoan" time="0.001"/>
  <testcase classname="project3.project3.day3" name="MobilesignoutcarLoan" time="0.001"/>
  <testcase classname="project3.project3.day3" name="mobilesuigninhomeloan" time="0.005"/>
  <testcase classname="project3.project3.day3" name="loginAPIhomeloan" time="0.0">
    <skipped/>
  </testcase> <!-- loginAPIhomeloan -->
  <testcase classname="project3.project3.day3" name="mobilesignouthomeloan" time="0.0">
    <ignored/>
  </testcase> <!-- mobilesignouthomeloan -->
</testsuite> <!-- Default test -->
